<?xml version="1.1" encoding="UTF-8"?>
<testsuite name="com.md.istat4j.model.xml.v1.ModelDeserializationTest" tests="8" failures="0" errors="0" timestamp="2013-12-16T02:13:55" hostname="turndown.local" time="2.179">
  <properties/>
  <testcase name="testConnectionTestResponse" classname="com.md.istat4j.model.xml.v1.ModelDeserializationTest" time="0.091"/>
  <testcase name="testRegistrationResponse" classname="com.md.istat4j.model.xml.v1.ModelDeserializationTest" time="0.029"/>
  <testcase name="testAuthorizationResponse" classname="com.md.istat4j.model.xml.v1.ModelDeserializationTest" time="0.003"/>
  <testcase name="testTelemetryResponse" classname="com.md.istat4j.model.xml.v1.ModelDeserializationTest" time="0.233"/>
  <testcase name="testConnectionTestResponse" classname="com.md.istat4j.model.xml.v1.ModelDeserializationTest" time="0.002"/>
  <testcase name="testRegistrationResponse" classname="com.md.istat4j.model.xml.v1.ModelDeserializationTest" time="0.003"/>
  <testcase name="testAuthorizationResponse" classname="com.md.istat4j.model.xml.v1.ModelDeserializationTest" time="0.002"/>
  <testcase name="testTelemetryResponse" classname="com.md.istat4j.model.xml.v1.ModelDeserializationTest" time="0.136"/>
  <system-out><![CDATA[]]></system-out>
  <system-err><![CDATA[]]></system-err>
</testsuite>
