<?xml version="1.1" encoding="UTF-8"?>
<testsuite name="com.md.istat4j.model.xml.v1.ModelSerializationTest" tests="6" failures="0" errors="0" timestamp="2013-12-16T02:13:55" hostname="turndown.local" time="1.831">
  <properties/>
  <testcase name="testSerializeConnectionTestRequest" classname="com.md.istat4j.model.xml.v1.ModelSerializationTest" time="0.013"/>
  <testcase name="testSerializeRegistrationRequest" classname="com.md.istat4j.model.xml.v1.ModelSerializationTest" time="0.006"/>
  <testcase name="testSerializeTelemetryRequest" classname="com.md.istat4j.model.xml.v1.ModelSerializationTest" time="0.006"/>
  <testcase name="testSerializeConnectionTestRequest" classname="com.md.istat4j.model.xml.v1.ModelSerializationTest" time="0.001"/>
  <testcase name="testSerializeRegistrationRequest" classname="com.md.istat4j.model.xml.v1.ModelSerializationTest" time="0.002"/>
  <testcase name="testSerializeTelemetryRequest" classname="com.md.istat4j.model.xml.v1.ModelSerializationTest" time="0.003"/>
  <system-out><![CDATA[]]></system-out>
  <system-err><![CDATA[]]></system-err>
</testsuite>
